
Collecting usage statistics. To deactivate, set browser.gatherUsageStats to false.


  You can now view your Streamlit app in your browser.

  Local URL: http://localhost:8501
  Network URL: http://192.168.153.87:8501
  External URL: http://75.27.148.247:8501

  Stopping...
Traceback (most recent call last):
  File "/mnt/d/OneDrive/Projects/Open_Code/retirement_dashboard/.venv/bin/streamlit", line 10, in <module>
    sys.exit(main())
             ^^^^^^
  File "/mnt/d/OneDrive/Projects/Open_Code/retirement_dashboard/.venv/lib/python3.12/site-packages/click/core.py", line 1485, in __call__
    return self.main(*args, **kwargs)
           ^^^^^^^^^^^^^^^^^^^^^^^^^^
  File "/mnt/d/OneDrive/Projects/Open_Code/retirement_dashboard/.venv/lib/python3.12/site-packages/click/core.py", line 1406, in main
    rv = self.invoke(ctx)
         ^^^^^^^^^^^^^^^^
  File "/mnt/d/OneDrive/Projects/Open_Code/retirement_dashboard/.venv/lib/python3.12/site-packages/click/core.py", line 1873, in invoke
    return _process_result(sub_ctx.command.invoke(sub_ctx))
                           ^^^^^^^^^^^^^^^^^^^^^^^^^^^^^^^
  File "/mnt/d/OneDrive/Projects/Open_Code/retirement_dashboard/.venv/lib/python3.12/site-packages/click/core.py", line 1269, in invoke
    return ctx.invoke(self.callback, **ctx.params)
           ^^^^^^^^^^^^^^^^^^^^^^^^^^^^^^^^^^^^^^^
  File "/mnt/d/OneDrive/Projects/Open_Code/retirement_dashboard/.venv/lib/python3.12/site-packages/click/core.py", line 824, in invoke
    return callback(*args, **kwargs)
           ^^^^^^^^^^^^^^^^^^^^^^^^^
  File "/mnt/d/OneDrive/Projects/Open_Code/retirement_dashboard/.venv/lib/python3.12/site-packages/streamlit/web/cli.py", line 251, in main_run
    _main_run(path_str, args, flag_options=kwargs)
  File "/mnt/d/OneDrive/Projects/Open_Code/retirement_dashboard/.venv/lib/python3.12/site-packages/streamlit/web/cli.py", line 325, in _main_run
    bootstrap.run(main_script_path, is_hello, args, flag_options)
  File "/mnt/d/OneDrive/Projects/Open_Code/retirement_dashboard/.venv/lib/python3.12/site-packages/streamlit/web/bootstrap.py", line 466, in run
    asyncio.run(main())
  File "/usr/lib/python3.12/asyncio/runners.py", line 194, in run
    return runner.run(main)
           ^^^^^^^^^^^^^^^^
  File "/usr/lib/python3.12/asyncio/runners.py", line 118, in run
    return self._loop.run_until_complete(task)
           ^^^^^^^^^^^^^^^^^^^^^^^^^^^^^^^^^^^
  File "/usr/lib/python3.12/asyncio/base_events.py", line 674, in run_until_complete
    self.run_forever()
  File "/usr/lib/python3.12/asyncio/base_events.py", line 641, in run_forever
    self._run_once()
  File "/usr/lib/python3.12/asyncio/base_events.py", line 1949, in _run_once
    event_list = self._selector.select(timeout)
                 ^^^^^^^^^^^^^^^^^^^^^^^^^^^^^^
  File "/usr/lib/python3.12/selectors.py", line 468, in select
    fd_event_list = self._selector.poll(timeout, max_ev)
                    ^^^^^^^^^^^^^^^^^^^^^^^^^^^^^^^^^^^^
  File "/mnt/d/OneDrive/Projects/Open_Code/retirement_dashboard/.venv/lib/python3.12/site-packages/streamlit/web/bootstrap.py", line 43, in signal_handler
    server.stop()
  File "/mnt/d/OneDrive/Projects/Open_Code/retirement_dashboard/.venv/lib/python3.12/site-packages/streamlit/web/server/server.py", line 544, in stop
    cli_util.print_to_cli("  Stopping...", fg="blue")
  File "/mnt/d/OneDrive/Projects/Open_Code/retirement_dashboard/.venv/lib/python3.12/site-packages/streamlit/cli_util.py", line 34, in print_to_cli
    click.secho(message, **kwargs)
  File "/mnt/d/OneDrive/Projects/Open_Code/retirement_dashboard/.venv/lib/python3.12/site-packages/click/termui.py", line 690, in secho
    return echo(message, file=file, nl=nl, err=err, color=color)
           ^^^^^^^^^^^^^^^^^^^^^^^^^^^^^^^^^^^^^^^^^^^^^^^^^^^^^
  File "/mnt/d/OneDrive/Projects/Open_Code/retirement_dashboard/.venv/lib/python3.12/site-packages/click/utils.py", line 322, in echo
    file.flush()
  File "/mnt/d/OneDrive/Projects/Open_Code/retirement_dashboard/.venv/lib/python3.12/site-packages/streamlit/web/bootstrap.py", line 43, in signal_handler
    server.stop()
  File "/mnt/d/OneDrive/Projects/Open_Code/retirement_dashboard/.venv/lib/python3.12/site-packages/streamlit/web/server/server.py", line 544, in stop
    cli_util.print_to_cli("  Stopping...", fg="blue")
  File "/mnt/d/OneDrive/Projects/Open_Code/retirement_dashboard/.venv/lib/python3.12/site-packages/streamlit/cli_util.py", line 34, in print_to_cli
    click.secho(message, **kwargs)
  File "/mnt/d/OneDrive/Projects/Open_Code/retirement_dashboard/.venv/lib/python3.12/site-packages/click/termui.py", line 690, in secho
    return echo(message, file=file, nl=nl, err=err, color=color)
           ^^^^^^^^^^^^^^^^^^^^^^^^^^^^^^^^^^^^^^^^^^^^^^^^^^^^^
  File "/mnt/d/OneDrive/Projects/Open_Code/retirement_dashboard/.venv/lib/python3.12/site-packages/click/utils.py", line 322, in echo
    file.flush()
RuntimeError: reentrant call inside <_io.BufferedWriter name='<stdout>'>
